<?xml version="1.0" encoding="UTF-8"?>
<!-- Generated by org.testng.reporters.JUnitXMLReporter -->
<testsuite hostname="DESKTOP-2RRIQQ9" name="Test: count the number of sent emails" tests="2" failures="0" timestamp="26 Apr 2017 09:44:57 GMT" time="19.283" errors="0">
  <testcase name="countTheNumberOfSentEmails" time="13.056" classname="by.omel.test.CountTheNumberOfSentEmailsTest"/>
  <testcase name="countTheNumberOfSentEmails" time="13.056" classname="by.omel.test.CountTheNumberOfSentEmailsTest"/>
</testsuite> <!-- Test: count the number of sent emails -->
