<?xml version="1.0" encoding="UTF-8"?>
<testng-results skipped="0" failed="0" total="1" passed="1">
  <reporter-output>
  </reporter-output>
  <suite name="Suite" duration-ms="20859" started-at="2017-04-26T10:30:50Z" finished-at="2017-04-26T10:31:11Z">
    <groups>
    </groups>
    <test name="Test: count the number of sent emails" duration-ms="20859" started-at="2017-04-26T10:30:50Z" finished-at="2017-04-26T10:31:11Z">
      <class name="by.omel.test.CountTheNumberOfSentEmailsTest">
        <test-method status="PASS" signature="setUp()[pri:0, instance:by.omel.test.CountTheNumberOfSentEmailsTest@180bc464]" name="setUp" is-config="true" duration-ms="4711" started-at="2017-04-26T13:30:50Z" finished-at="2017-04-26T13:30:55Z">
          <reporter-output>
          </reporter-output>
        </test-method> <!-- setUp -->
        <test-method status="PASS" signature="countTheNumberOfSentEmails(java.lang.String, java.lang.String)[pri:0, instance:by.omel.test.CountTheNumberOfSentEmailsTest@180bc464]" name="countTheNumberOfSentEmails" duration-ms="15578" started-at="2017-04-26T13:30:55Z" finished-at="2017-04-26T13:31:10Z">
          <params>
            <param index="0">
              <value>
                <![CDATA[test.tutby]]>
              </value>
            </param>
            <param index="1">
              <value>
                <![CDATA[test4321]]>
              </value>
            </param>
          </params>
          <reporter-output>
          </reporter-output>
        </test-method> <!-- countTheNumberOfSentEmails -->
        <test-method status="PASS" signature="tearDown()[pri:0, instance:by.omel.test.CountTheNumberOfSentEmailsTest@180bc464]" name="tearDown" is-config="true" duration-ms="556" started-at="2017-04-26T13:31:10Z" finished-at="2017-04-26T13:31:11Z">
          <reporter-output>
          </reporter-output>
        </test-method> <!-- tearDown -->
      </class> <!-- by.omel.test.CountTheNumberOfSentEmailsTest -->
    </test> <!-- Test: count the number of sent emails -->
  </suite> <!-- Suite -->
</testng-results>
