<?xml version="1.0" encoding="UTF-8"?>
<testng-results skipped="0" failed="0" total="1" passed="1">
  <reporter-output>
  </reporter-output>
  <suite name="Suite" duration-ms="19283" started-at="2017-04-26T09:44:38Z" finished-at="2017-04-26T09:44:57Z">
    <groups>
    </groups>
    <test name="Test: count the number of sent emails" duration-ms="19283" started-at="2017-04-26T09:44:38Z" finished-at="2017-04-26T09:44:57Z">
      <class name="by.omel.test.CountTheNumberOfSentEmailsTest">
        <test-method status="PASS" signature="setUp()[pri:0, instance:by.omel.test.CountTheNumberOfSentEmailsTest@5a8e6209]" name="setUp" is-config="true" duration-ms="5594" started-at="2017-04-26T12:44:38Z" finished-at="2017-04-26T12:44:44Z">
          <reporter-output>
          </reporter-output>
        </test-method> <!-- setUp -->
        <test-method status="PASS" signature="countTheNumberOfSentEmails(java.lang.String, java.lang.String)[pri:0, instance:by.omel.test.CountTheNumberOfSentEmailsTest@5a8e6209]" name="countTheNumberOfSentEmails" duration-ms="13056" started-at="2017-04-26T12:44:44Z" finished-at="2017-04-26T12:44:57Z">
          <params>
            <param index="0">
              <value>
                <![CDATA[test.tutby]]>
              </value>
            </param>
            <param index="1">
              <value>
                <![CDATA[test4321]]>
              </value>
            </param>
          </params>
          <reporter-output>
          </reporter-output>
        </test-method> <!-- countTheNumberOfSentEmails -->
        <test-method status="PASS" signature="tearDown()[pri:0, instance:by.omel.test.CountTheNumberOfSentEmailsTest@5a8e6209]" name="tearDown" is-config="true" duration-ms="600" started-at="2017-04-26T12:44:57Z" finished-at="2017-04-26T12:44:57Z">
          <reporter-output>
          </reporter-output>
        </test-method> <!-- tearDown -->
      </class> <!-- by.omel.test.CountTheNumberOfSentEmailsTest -->
    </test> <!-- Test: count the number of sent emails -->
  </suite> <!-- Suite -->
</testng-results>
